<?xml version="1.0" encoding="UTF-8"?>
<!-- Generated by org.testng.reporters.JUnitReportReporter -->
<testsuite hostname="DESKTOP-MJUFLUD" failures="0" tests="1" name="com.example.AppTest" time="30.197" errors="0" timestamp="2025-03-22T10:27:19 IST" skipped="0">
  <testcase classname="com.example.AppTest" name="testGoogleSearchAutomation" time="30.197"/>
</testsuite> <!-- com.example.AppTest -->
